2020-04-18T09:07:28.237749+00:00 app[worker.1]: click ok failed
2020-04-18T09:07:44.365139+00:00 app[worker.1]: False-0
2020-04-18T09:08:03.773097+00:00 app[worker.1]: names openPrice         high_low   close prevCloseDate    52weekHighLow  \
2020-04-18T09:08:03.773114+00:00 app[worker.1]: 0   DBS    19.800  19.940 - 19.200  19.280   17 Apr 2020  28.640 - 16.650
2020-04-18T09:08:03.773115+00:00 app[worker.1]: 
2020-04-18T09:08:03.773117+00:00 app[worker.1]: beta   marketCap sharesOutstanding p_float  \
2020-04-18T09:08:03.773117+00:00 app[worker.1]: 0  1.43  49,432.70M             2.55B       -
2020-04-18T09:08:03.773117+00:00 app[worker.1]: 
2020-04-18T09:08:03.773118+00:00 app[worker.1]: ...                             revenue  \
2020-04-18T09:08:03.773118+00:00 app[worker.1]: 0                        ...                          15,592.00M
2020-04-18T09:08:03.773119+00:00 app[worker.1]: 
2020-04-18T09:08:03.773119+00:00 app[worker.1]: operating_income operating_margin  netincome net_profit_margin  \
2020-04-18T09:08:03.773119+00:00 app[worker.1]: 0                -           50.332  6,299.00M            42.672
2020-04-18T09:08:03.773120+00:00 app[worker.1]: 
2020-04-18T09:08:03.773120+00:00 app[worker.1]: revenue_per_share_5_yr_growth eps_per_share_5_yr_growth       ebita  \
2020-04-18T09:08:03.773120+00:00 app[worker.1]: 0                         9.319                     8.918  10,029.00M
2020-04-18T09:08:03.773121+00:00 app[worker.1]: 
2020-04-18T09:08:03.773121+00:00 app[worker.1]: industry  \
2020-04-18T09:08:03.773122+00:00 app[worker.1]: 0  Banking & Investment Services / Banks /
2020-04-18T09:08:03.773122+00:00 app[worker.1]: 
2020-04-18T09:08:03.773123+00:00 app[worker.1]: financial_info
2020-04-18T09:08:03.773123+00:00 app[worker.1]: 0  {"Fiscal Year": ["2015", "2016", "2017", "2018...
2020-04-18T09:08:03.773123+00:00 app[worker.1]: 
2020-04-18T09:08:03.773178+00:00 app[worker.1]: [1 rows x 41 columns]
2020-04-18T09:08:03.773936+00:00 app[worker.1]: drop table rawdata
2020-04-18T09:08:03.801870+00:00 app[worker.1]: dropTbl -- {'msg': 'DROP TABLE', 'result': None, 'error': None}
2020-04-18T09:08:03.801879+00:00 app[worker.1]: CREATE TABLE rawdata (names varchar(255), openPrice varchar(255), high_low varchar(255), close varchar(255), prevCloseDate varchar(255), 52weekHighLow varchar(255), beta varchar(255), marketCap varchar(255), sharesOutstanding varchar(255), p_float varchar(255), avgVolume varchar(255), normalizedEPS varchar(255), mthvwap varchar(255), unadjVWAP varchar(255), adjVWAP varchar(255), peratio varchar(255), price_Sales varchar(255), price_CF varchar(255), pricebookvalue varchar(255), dividend varchar(255), divident_5_yr_avg varchar(255), shortDebt varchar(255), totalDebt varchar(255), long_term_debt_equity varchar(255), enterpriseValue varchar(255), assets varchar(255), cash varchar(255), roe varchar(255), roa varchar(255), capEx varchar(255), EBIT varchar(255), revenue varchar(255), operating_income varchar(255), operating_margin varchar(255), netincome varchar(255), net_profit_margin varchar(255), revenue_per_share_5_yr_growth varchar(255), eps_per_share_5_yr_growth varchar(255), ebita varchar(255), industry varchar(255), financial_info text)
2020-04-18T09:08:03.803474+00:00 app[worker.1]: syntax error at or near "52"
2020-04-18T09:08:03.803475+00:00 app[worker.1]: LINE 1: ..., close varchar(255), prevCloseDate varchar(255), 52weekHigh...
2020-04-18T09:08:03.803476+00:00 app[worker.1]: ^
2020-04-18T09:08:03.803532+00:00 app[worker.1]: 
2020-04-18T09:08:03.804746+00:00 app[worker.1]: createTbl -- {'msg': None, 'result': None, 'error': [ProgrammingError('syntax error at or near "52"\nLINE 1: ..., close varchar(255), prevCloseDate varchar(255), 52weekHigh...\n                                                             ^\n',)]}
2020-04-18T09:08:03.804812+00:00 app[worker.1]: createTbl -- error --
2020-04-18T09:08:03.811089+00:00 app[worker.1]: 09:08:03 TypeError: 'NoneType' object is not subscriptable
2020-04-18T09:08:03.811091+00:00 app[worker.1]: Traceback (most recent call last):
2020-04-18T09:08:03.811091+00:00 app[worker.1]: File "/app/dbConnector.py", line 163, in recreateTable
2020-04-18T09:08:03.811092+00:00 app[worker.1]: closeConn()
2020-04-18T09:08:03.811093+00:00 app[worker.1]: File "/app/dbConnector.py", line 88, in closeConn
2020-04-18T09:08:03.811093+00:00 app[worker.1]: cur=connList['cur']
2020-04-18T09:08:03.811093+00:00 app[worker.1]: TypeError: 'NoneType' object is not subscriptable
2020-04-18T09:08:03.811094+00:00 app[worker.1]: 
2020-04-18T09:08:03.811095+00:00 app[worker.1]: During handling of the above exception, another exception occurred:
2020-04-18T09:08:03.811095+00:00 app[worker.1]: 
2020-04-18T09:08:03.811095+00:00 app[worker.1]: Traceback (most recent call last):
2020-04-18T09:08:03.811111+00:00 app[worker.1]: File "/app/.heroku/python/lib/python3.6/site-packages/rq/worker.py", line 789, in perform_job
2020-04-18T09:08:03.811112+00:00 app[worker.1]: rv = job.perform()
2020-04-18T09:08:03.811112+00:00 app[worker.1]: File "/app/.heroku/python/lib/python3.6/site-packages/rq/job.py", line 573, in perform
2020-04-18T09:08:03.811113+00:00 app[worker.1]: self._result = self._execute()
2020-04-18T09:08:03.811113+00:00 app[worker.1]: File "/app/.heroku/python/lib/python3.6/site-packages/rq/job.py", line 579, in _execute
2020-04-18T09:08:03.811114+00:00 app[worker.1]: return self.func(*self.args, **self.kwargs)
2020-04-18T09:08:03.811114+00:00 app[worker.1]: File "/app/orchestrator.py", line 21, in runSGXFull
2020-04-18T09:08:03.811114+00:00 app[worker.1]: util.runFunc(actFunc=sgx.getFullDetails, actFuncParams=params)
2020-04-18T09:08:03.811115+00:00 app[worker.1]: File "/app/util.py", line 160, in runFunc
2020-04-18T09:08:03.811115+00:00 app[worker.1]: actFunc(*actFuncParams)
2020-04-18T09:08:03.811115+00:00 app[worker.1]: File "/app/sgx.py", line 483, in getFullDetails
2020-04-18T09:08:03.811116+00:00 app[worker.1]: companyFullInfo=collateCompanyInfo(df, start=index, host=host)
2020-04-18T09:08:03.811116+00:00 app[worker.1]: File "/app/sgx.py", line 421, in collateCompanyInfo
2020-04-18T09:08:03.811117+00:00 app[worker.1]: db.recreateTable('rawData', store, overwrite=overwrite)
2020-04-18T09:08:03.811117+00:00 app[worker.1]: File "/app/dbConnector.py", line 169, in recreateTable
2020-04-18T09:08:03.811118+00:00 app[worker.1]: closeConn()
2020-04-18T09:08:03.811118+00:00 app[worker.1]: File "/app/dbConnector.py", line 88, in closeConn
2020-04-18T09:08:03.811119+00:00 app[worker.1]: cur=connList['cur']
2020-04-18T09:08:03.811119+00:00 app[worker.1]: TypeError: 'NoneType' object is not subscriptable
2020-04-18T09:08:03.811119+00:00 app[worker.1]: Traceback (most recent call last):
2020-04-18T09:08:03.811120+00:00 app[worker.1]: File "/app/dbConnector.py", line 163, in recreateTable
2020-04-18T09:08:03.811120+00:00 app[worker.1]: closeConn()
2020-04-18T09:08:03.811120+00:00 app[worker.1]: File "/app/dbConnector.py", line 88, in closeConn
2020-04-18T09:08:03.811121+00:00 app[worker.1]: cur=connList['cur']
2020-04-18T09:08:03.811121+00:00 app[worker.1]: TypeError: 'NoneType' object is not subscriptable
2020-04-18T09:08:03.811122+00:00 app[worker.1]: 
2020-04-18T09:08:03.811122+00:00 app[worker.1]: During handling of the above exception, another exception occurred:
2020-04-18T09:08:03.811122+00:00 app[worker.1]: 
2020-04-18T09:08:03.811123+00:00 app[worker.1]: Traceback (most recent call last):
2020-04-18T09:08:03.811123+00:00 app[worker.1]: File "/app/.heroku/python/lib/python3.6/site-packages/rq/worker.py", line 789, in perform_job
2020-04-18T09:08:03.811124+00:00 app[worker.1]: rv = job.perform()
2020-04-18T09:08:03.811124+00:00 app[worker.1]: File "/app/.heroku/python/lib/python3.6/site-packages/rq/job.py", line 573, in perform
2020-04-18T09:08:03.811124+00:00 app[worker.1]: self._result = self._execute()
2020-04-18T09:08:03.811125+00:00 app[worker.1]: File "/app/.heroku/python/lib/python3.6/site-packages/rq/job.py", line 579, in _execute
2020-04-18T09:08:03.811125+00:00 app[worker.1]: return self.func(*self.args, **self.kwargs)
2020-04-18T09:08:03.811125+00:00 app[worker.1]: File "/app/orchestrator.py", line 21, in runSGXFull
2020-04-18T09:08:03.811126+00:00 app[worker.1]: util.runFunc(actFunc=sgx.getFullDetails, actFuncParams=params)
2020-04-18T09:08:03.811126+00:00 app[worker.1]: File "/app/util.py", line 160, in runFunc
2020-04-18T09:08:03.811126+00:00 app[worker.1]: actFunc(*actFuncParams)
2020-04-18T09:08:03.811126+00:00 app[worker.1]: File "/app/sgx.py", line 483, in getFullDetails
2020-04-18T09:08:03.811127+00:00 app[worker.1]: companyFullInfo=collateCompanyInfo(df, start=index, host=host)
2020-04-18T09:08:03.811127+00:00 app[worker.1]: File "/app/sgx.py", line 421, in collateCompanyInfo
2020-04-18T09:08:03.811127+00:00 app[worker.1]: db.recreateTable('rawData', store, overwrite=overwrite)
2020-04-18T09:08:03.811127+00:00 app[worker.1]: File "/app/dbConnector.py", line 169, in recreateTable
2020-04-18T09:08:03.811128+00:00 app[worker.1]: closeConn()
2020-04-18T09:08:03.811128+00:00 app[worker.1]: File "/app/dbConnector.py", line 88, in closeConn
2020-04-18T09:08:03.811128+00:00 app[worker.1]: cur=connList['cur']
2020-04-18T09:08:03.811134+00:00 app[worker.1]: TypeError: 'NoneType' object is not subscriptable
2020-04-18T09:08:03.811187+00:00 app[worker.1]: error---: <class TypeError>----NoneType object is not subscriptable
2020-04-18T09:08:03.811302+00:00 app[worker.1]: SELECT column_name FROM information_schema.columns WHERE table_name = 'joblist'
2020-04-18T09:08:03.848424+00:00 app[worker.1]: extract cols of joblist ---  SELECT 9 None
2020-04-18T09:08:03.848461+00:00 app[worker.1]: UPDATE joblist SET lastchecked = '18/04/2020, 17:08:03', jobstatus = '<class TypeError>----NoneType object is not subscriptable' WHERE jobid='0aa09449-2296-4aeb-8258-ed9a4cdeddd8'
2020-04-18T09:08:03.848487+00:00 app[worker.1]: UPDATE joblist SET lastchecked = '18/04/2020, 17:08:03', jobstatus = '<class TypeError>----NoneType object is not subscriptable' WHERE jobid='0aa09449-2296-4aeb-8258-ed9a4cdeddd8'
2020-04-18T09:08:30+00:00 app[heroku-redis]: source=REDIS addon=redis-corrugated-22276 sample#active-connections=4 sample#load-avg-1m=0.23 sample#load-avg-5m=0.18 sample#load-avg-15m=0.17 sample#read-iops=0 sample#write-iops=0.05 sample#memory-total=15664264kB sample#memory-free=11625628kB sample#memory-cached=1002940kB sample#memory-redis=435720bytes sample#hit-rate=0.32465 sample#evicted-keys=0
2020-04-18T09:08:30+00:00 app[heroku-redis]: source=REDIS addon=redis-corrugated-22276 sample#active-connections=2 sample#load-avg-1m=0.19 sample#load-avg-5m=0.185 sample#load-avg-15m=0.175 sample#read-iops=0 sample#write-iops=0.082645 sample#memory-total=15664264kB sample#memory-free=11626972kB sample#memory-cached=1002952kB sample#memory-redis=394360bytes sample#hit-rate=0.32535 sample#evicted-keys=0
2020-04-18T09:12:01+00:00 app[heroku-redis]: source=REDIS addon=redis-corrugated-22276 sample#active-connections=2 sample#load-avg-1m=0.25 sample#load-avg-5m=0.21 sample#load-avg-15m=0.185 sample#read-iops=0 sample#write-iops=0.05 sample#memory-total=15664264kB sample#memory-free=11623248kB sample#memory-cached=1002964kB sample#memory-redis=394360bytes sample#hit-rate=0.32535 sample#evicted-keys=0
